<?xml version="1.0" encoding="UTF-8"?>
<testng-results ignored="0" total="1" passed="1" failed="0" skipped="0">
  <reporter-output>
  </reporter-output>
  <suite started-at="2023-04-20T10:01:19 IST" name="Suite" finished-at="2023-04-20T10:02:15 IST" duration-ms="55336">
    <groups>
    </groups>
    <test started-at="2023-04-20T10:01:19 IST" name="Test" finished-at="2023-04-20T10:02:15 IST" duration-ms="55336">
      <class name="explore.science">
        <test-method is-config="true" signature="tt()[pri:0, instance:explore.science@4a883b15]" started-at="2023-04-20T10:01:19 IST" name="tt" finished-at="2023-04-20T10:01:56 IST" duration-ms="36375" status="PASS">
          <reporter-output>
          </reporter-output>
        </test-method> <!-- tt -->
        <test-method signature="explore()[pri:0, instance:explore.science@4a883b15]" started-at="2023-04-20T10:01:56 IST" name="explore" finished-at="2023-04-20T10:02:15 IST" duration-ms="18854" status="PASS">
          <reporter-output>
          </reporter-output>
        </test-method> <!-- explore -->
      </class> <!-- explore.science -->
    </test> <!-- Test -->
  </suite> <!-- Suite -->
</testng-results>
